2020-04-03 09:25:42,723 INFO (StartupInfoLogger.java:55)- Starting ClassroomApplication on DESKTOP-LCULKOV with PID 14688 (D:\中慧科技\腾讯课堂项目\demo\ClassRoom\target\classes started by ThinkPad in D:\中慧科技\腾讯课堂项目\demo\ClassRoom)
2020-04-03 09:25:42,725 DEBUG (StartupInfoLogger.java:56)- Running with Spring Boot v2.2.6.RELEASE, Spring v5.2.5.RELEASE
2020-04-03 09:25:42,726 INFO (SpringApplication.java:651)- No active profile set, falling back to default profiles: default
2020-04-03 09:25:44,280 INFO (StartupInfoLogger.java:61)- Started ClassroomApplication in 2.047 seconds (JVM running for 3.063)
2020-04-03 09:25:50,856 DEBUG (BaseJdbcLogger.java:143)- ==>  Preparing: insert into user ( tonken_num, im_password, `name`, `password`, create_time, `type` ) values ( ?, ?, ?, ?, ?, ? ) 
2020-04-03 09:25:50,870 DEBUG (BaseJdbcLogger.java:143)- ==> Parameters: dfb175aba3ea4e8e93244c10635f59cd(String), eJw1jtkKgkAYhd9lrsNmdYMuLIlooUDBuhydf2qQcrAhhejdE63Ls3yH80b5PvOgt6YFFFNOIorxbDRf0KIYUQ*jST9VLa01CsWEY8wYZ5RNiVHwcEabEVC6JIGQpWQgOYQQMcp5RbDPhBZRpf5r5jqUb0V7yM-HpO4uZdZs5uud65dWUF1E1nf6tE2zdAVJ1*lm8QOduQ9PiQhFGARE4M8XaDo4qw__(String), 吴霄(String), 4297f44b13955235245b2497399d7a93(String), 2020-04-03 09:25:50.673(Timestamp), 1(Integer)
2020-04-03 09:25:50,883 DEBUG (BaseJdbcLogger.java:143)- <==    Updates: 1
2020-04-03 09:34:47,856 INFO (StartupInfoLogger.java:55)- Starting ClassroomApplication on DESKTOP-LCULKOV with PID 6760 (D:\中慧科技\腾讯课堂项目\demo\ClassRoom\target\classes started by ThinkPad in D:\中慧科技\腾讯课堂项目\demo\ClassRoom)
2020-04-03 09:34:47,860 DEBUG (StartupInfoLogger.java:56)- Running with Spring Boot v2.2.6.RELEASE, Spring v5.2.5.RELEASE
2020-04-03 09:34:47,860 INFO (SpringApplication.java:651)- No active profile set, falling back to default profiles: default
2020-04-03 09:34:49,589 INFO (StartupInfoLogger.java:61)- Started ClassroomApplication in 2.233 seconds (JVM running for 3.299)
2020-04-03 09:34:53,609 DEBUG (BaseJdbcLogger.java:143)- ==>  Preparing: insert into user ( tonken_num, im_password, `name`, `password`, create_time, `type` ) values ( ?, ?, ?, ?, ?, ? ) 
2020-04-03 09:34:53,626 DEBUG (BaseJdbcLogger.java:143)- ==> Parameters: 51261a475ee44780b15b0cc4d2bedfdc(String), eJw1jssKgkAYhd9ltoXM1RkFdxEGbSJDcKfOmD*iDY6aEb17orU8l*9w3ig5Xz0zW*gNCiknAcV4v5qT6VGIqIfRpp1ucmtBo5BwjBnjjLItAW26ASpYAUGoT3IuhTGcS4ULIgpcllzTwuhKl-81uC-lo3om6ejSbMhg7GYn9UXa28sS0R7iwKn4NI1N3e0etYt*4ADt8pQIJZSUfsA*X3SUOXI_(String), 无锡爱(String), 4297f44b13955235245b2497399d7a93(String), 2020-04-03 09:34:53.413(Timestamp), 1(Integer)
2020-04-03 09:34:53,629 DEBUG (BaseJdbcLogger.java:143)- <==    Updates: 1
2020-04-03 09:40:38,658 INFO (StartupInfoLogger.java:55)- Starting ClassroomApplication on DESKTOP-LCULKOV with PID 1948 (D:\中慧科技\腾讯课堂项目\demo\ClassRoom\target\classes started by ThinkPad in D:\中慧科技\腾讯课堂项目\demo\ClassRoom)
2020-04-03 09:40:38,662 DEBUG (StartupInfoLogger.java:56)- Running with Spring Boot v2.2.6.RELEASE, Spring v5.2.5.RELEASE
2020-04-03 09:40:38,662 INFO (SpringApplication.java:651)- No active profile set, falling back to default profiles: default
2020-04-03 09:40:40,375 INFO (StartupInfoLogger.java:61)- Started ClassroomApplication in 2.219 seconds (JVM running for 3.214)
2020-04-03 10:16:36,008 INFO (StartupInfoLogger.java:55)- Starting ClassroomApplication on DESKTOP-LCULKOV with PID 9832 (D:\中慧科技\腾讯课堂项目\demo\ClassRoom\target\classes started by ThinkPad in D:\中慧科技\腾讯课堂项目\demo\ClassRoom)
2020-04-03 10:16:36,013 DEBUG (StartupInfoLogger.java:56)- Running with Spring Boot v2.2.6.RELEASE, Spring v5.2.5.RELEASE
2020-04-03 10:16:36,014 INFO (SpringApplication.java:651)- No active profile set, falling back to default profiles: default
2020-04-03 10:16:38,286 INFO (StartupInfoLogger.java:61)- Started ClassroomApplication in 3.048 seconds (JVM running for 4.498)
2020-04-03 10:16:40,988 DEBUG (BaseJdbcLogger.java:143)- ==>  Preparing: SELECT `user`.tonken_num, `user`.im_password , `user`.`name`, `user`.type FROM `user` WHERE `name` = ? AND `password` = ? 
2020-04-03 10:16:41,002 DEBUG (BaseJdbcLogger.java:143)- ==> Parameters: 吴霄(String), 4297f44b13955235245b2497399d7a93(String)
2020-04-03 10:16:41,028 DEBUG (BaseJdbcLogger.java:143)- <==      Total: 0
2020-04-03 10:19:12,522 DEBUG (BaseJdbcLogger.java:143)- ==>  Preparing: insert into user ( tonken_num, im_password, `name`, `password`, create_time, `type` ) values ( ?, ?, ?, ?, ?, ? ) 
2020-04-03 10:19:12,523 DEBUG (BaseJdbcLogger.java:143)- ==> Parameters: 0bab39ce8508419ba02c9957ddfe836c(String), eJw1jksLgkAUhf-LrEPuzJ3RGaGFrUosA4VoqfOQIRIzkR703xOt5Xl8h-MmZVYE9tH53pKYcaoYwGo2R9uTmLAAyKLv5lJ1nTckphwAkSPDJfHGtoN3fgagrmpU2koBcpqrK2BaKREZ46zEUP-XfDOVvXomuZCy3e5v7jD2r9PGifKcUB3lNg2zXaoKhse8afn6Bw7*Oj2lQk4YoGCfLx5oNzk_(String), wuxiao(String), 4297f44b13955235245b2497399d7a93(String), 2020-04-03 10:19:12.506(Timestamp), 1(Integer)
2020-04-03 10:19:12,526 DEBUG (BaseJdbcLogger.java:143)- <==    Updates: 1
2020-04-03 10:20:14,765 DEBUG (BaseJdbcLogger.java:143)- ==>  Preparing: SELECT `user`.tonken_num, `user`.im_password , `user`.`name`, `user`.type FROM `user` WHERE `name` = ? AND `password` = ? 
2020-04-03 10:20:14,766 DEBUG (BaseJdbcLogger.java:143)- ==> Parameters: 吴霄(String), 4297f44b13955235245b2497399d7a93(String)
2020-04-03 10:20:14,768 DEBUG (BaseJdbcLogger.java:143)- <==      Total: 0
2020-04-03 10:20:33,796 DEBUG (BaseJdbcLogger.java:143)- ==>  Preparing: SELECT `user`.tonken_num, `user`.im_password , `user`.`name`, `user`.type FROM `user` WHERE `name` = ? AND `password` = ? 
2020-04-03 10:20:33,797 DEBUG (BaseJdbcLogger.java:143)- ==> Parameters: wuxiao(String), 4297f44b13955235245b2497399d7a93(String)
2020-04-03 10:20:33,811 DEBUG (BaseJdbcLogger.java:143)- <==      Total: 1
2020-04-03 10:21:17,278 INFO (StartupInfoLogger.java:55)- Starting ClassroomApplication on DESKTOP-LCULKOV with PID 19984 (D:\中慧科技\腾讯课堂项目\demo\ClassRoom\target\classes started by ThinkPad in D:\中慧科技\腾讯课堂项目\demo\ClassRoom)
2020-04-03 10:21:17,281 DEBUG (StartupInfoLogger.java:56)- Running with Spring Boot v2.2.6.RELEASE, Spring v5.2.5.RELEASE
2020-04-03 10:21:17,282 INFO (SpringApplication.java:651)- No active profile set, falling back to default profiles: default
2020-04-03 10:21:18,845 INFO (StartupInfoLogger.java:61)- Started ClassroomApplication in 2.038 seconds (JVM running for 3.016)
2020-04-03 10:21:21,225 DEBUG (BaseJdbcLogger.java:143)- ==>  Preparing: SELECT `user`.tonken_num, `user`.im_password , `user`.`name`, `user`.type FROM `user` WHERE `name` = ? AND `password` = ? 
2020-04-03 10:21:21,240 DEBUG (BaseJdbcLogger.java:143)- ==> Parameters: wuxiao(String), 4297f44b13955235245b2497399d7a93(String)
2020-04-03 10:21:21,256 DEBUG (BaseJdbcLogger.java:143)- <==      Total: 1
2020-04-03 10:21:35,788 DEBUG (BaseJdbcLogger.java:143)- ==>  Preparing: SELECT `user`.tonken_num, `user`.im_password , `user`.`name`, `user`.type FROM `user` WHERE `name` = ? AND `password` = ? 
2020-04-03 10:21:35,789 DEBUG (BaseJdbcLogger.java:143)- ==> Parameters: wuxiao(String), 4297f44b13955235245b2497399d7a93(String)
2020-04-03 10:21:35,792 DEBUG (BaseJdbcLogger.java:143)- <==      Total: 1
2020-04-03 10:22:18,893 DEBUG (BaseJdbcLogger.java:143)- ==>  Preparing: SELECT `user`.tonken_num, `user`.im_password , `user`.`name`, `user`.type FROM `user` WHERE `name` = ? AND `password` = ? 
2020-04-03 10:22:18,895 DEBUG (BaseJdbcLogger.java:143)- ==> Parameters: wuxiao(String), 4297f44b13955235245b2497399d7a93(String)
2020-04-03 10:22:18,897 DEBUG (BaseJdbcLogger.java:143)- <==      Total: 1
2020-04-03 10:22:26,052 DEBUG (BaseJdbcLogger.java:143)- ==>  Preparing: SELECT `user`.tonken_num, `user`.im_password , `user`.`name`, `user`.type FROM `user` WHERE `name` = ? AND `password` = ? 
2020-04-03 10:22:26,054 DEBUG (BaseJdbcLogger.java:143)- ==> Parameters: wuxiao(String), 4297f44b13955235245b2497399d7a93(String)
2020-04-03 10:22:26,057 DEBUG (BaseJdbcLogger.java:143)- <==      Total: 1
2020-04-03 10:22:52,954 DEBUG (BaseJdbcLogger.java:143)- ==>  Preparing: SELECT `user`.tonken_num, `user`.im_password , `user`.`name`, `user`.type FROM `user` WHERE `name` = ? AND `password` = ? 
2020-04-03 10:22:52,956 DEBUG (BaseJdbcLogger.java:143)- ==> Parameters: wuxiao(String), 4297f44b13955235245b2497399d7a93(String)
2020-04-03 10:22:52,959 DEBUG (BaseJdbcLogger.java:143)- <==      Total: 1
2020-04-03 10:23:30,672 INFO (StartupInfoLogger.java:55)- Starting ClassroomApplication on DESKTOP-LCULKOV with PID 20152 (D:\中慧科技\腾讯课堂项目\demo\ClassRoom\target\classes started by ThinkPad in D:\中慧科技\腾讯课堂项目\demo\ClassRoom)
2020-04-03 10:23:30,674 DEBUG (StartupInfoLogger.java:56)- Running with Spring Boot v2.2.6.RELEASE, Spring v5.2.5.RELEASE
2020-04-03 10:23:30,675 INFO (SpringApplication.java:651)- No active profile set, falling back to default profiles: default
2020-04-03 10:23:32,283 INFO (StartupInfoLogger.java:61)- Started ClassroomApplication in 2.054 seconds (JVM running for 3.507)
2020-04-03 10:23:35,543 DEBUG (BaseJdbcLogger.java:143)- ==>  Preparing: SELECT `user`.tonken_num, `user`.im_password , `user`.`name`, `user`.type FROM `user` WHERE `name` = ? AND `password` = ? 
2020-04-03 10:23:35,557 DEBUG (BaseJdbcLogger.java:143)- ==> Parameters: wuxiao(String), 4297f44b13955235245b2497399d7a93(String)
2020-04-03 10:23:35,570 DEBUG (BaseJdbcLogger.java:143)- <==      Total: 1
2020-04-03 10:25:44,770 DEBUG (BaseJdbcLogger.java:143)- ==>  Preparing: SELECT `user`.tonken_num, `user`.im_password , `user`.`name`, `user`.type FROM `user` WHERE `name` = ? AND `password` = ? 
2020-04-03 10:25:44,772 DEBUG (BaseJdbcLogger.java:143)- ==> Parameters: wuxiao(String), 4297f44b13955235245b2497399d7a93(String)
2020-04-03 10:25:44,775 DEBUG (BaseJdbcLogger.java:143)- <==      Total: 1
2020-04-03 10:26:55,339 INFO (StartupInfoLogger.java:55)- Starting ClassroomApplication on DESKTOP-LCULKOV with PID 18268 (D:\中慧科技\腾讯课堂项目\demo\ClassRoom\target\classes started by ThinkPad in D:\中慧科技\腾讯课堂项目\demo\ClassRoom)
2020-04-03 10:26:55,341 DEBUG (StartupInfoLogger.java:56)- Running with Spring Boot v2.2.6.RELEASE, Spring v5.2.5.RELEASE
2020-04-03 10:26:55,342 INFO (SpringApplication.java:651)- No active profile set, falling back to default profiles: default
2020-04-03 10:26:57,102 INFO (StartupInfoLogger.java:61)- Started ClassroomApplication in 2.251 seconds (JVM running for 3.216)
2020-04-03 10:27:12,645 DEBUG (BaseJdbcLogger.java:143)- ==>  Preparing: SELECT `user`.tonken_num, `user`.im_password , `user`.`name`, `user`.type FROM `user` WHERE `name` = ? AND `password` = ? 
2020-04-03 10:27:12,659 DEBUG (BaseJdbcLogger.java:143)- ==> Parameters: wuxiao(String), 4297f44b13955235245b2497399d7a93(String)
2020-04-03 10:27:12,671 DEBUG (BaseJdbcLogger.java:143)- <==      Total: 1
2020-04-03 10:27:19,433 DEBUG (BaseJdbcLogger.java:143)- ==>  Preparing: SELECT `user`.tonken_num, `user`.im_password , `user`.`name`, `user`.type FROM `user` WHERE `name` = ? AND `password` = ? 
2020-04-03 10:27:19,434 DEBUG (BaseJdbcLogger.java:143)- ==> Parameters: wuxiao(String), 4297f44b13955235245b2497399d7a93(String)
2020-04-03 10:27:19,434 DEBUG (BaseJdbcLogger.java:143)- <==      Total: 1
2020-04-03 10:28:36,779 DEBUG (BaseJdbcLogger.java:143)- ==>  Preparing: SELECT `user`.tonken_num, `user`.im_password , `user`.`name`, `user`.type FROM `user` WHERE `name` = ? AND `password` = ? 
2020-04-03 10:28:36,779 DEBUG (BaseJdbcLogger.java:143)- ==> Parameters: wuxiao(String), 4297f44b13955235245b2497399d7a93(String)
2020-04-03 10:28:36,780 DEBUG (BaseJdbcLogger.java:143)- <==      Total: 1
2020-04-03 10:29:16,094 DEBUG (BaseJdbcLogger.java:143)- ==>  Preparing: insert into user ( tonken_num, im_password, `name`, `password`, create_time, `type` ) values ( ?, ?, ?, ?, ?, ? ) 
2020-04-03 10:29:16,096 DEBUG (BaseJdbcLogger.java:143)- ==> Parameters: df31cc3dd3ec4689bd2d4f660b3cac4c(String), eJw1jl0LgjAYhf-LrsO2vZtOoUshKIjKPu907xajEjOTVvTfE63L8-Eczptk83VgnpWrDUm4YDGndNSbralJQnhAyaDveM6ryiFJmKAUQACHIXFoysZZ1wNogWkNiGC0CFVcIEdhw5AWoHMt9H-NnbpyuldH76eLTQu3bOsbG2n6MP51WRY7mR7rWR65cpy1h1U6*YGNu3ZPmVRSKRpL*fkCrCk5mg__(String), wuxiao(String), 4297f44b13955235245b2497399d7a93(String), 2020-04-03 10:29:16.081(Timestamp), 1(Integer)
2020-04-03 10:29:16,100 DEBUG (BaseJdbcLogger.java:143)- <==    Updates: 1
2020-04-03 10:29:24,815 DEBUG (BaseJdbcLogger.java:143)- ==>  Preparing: SELECT `user`.tonken_num, `user`.im_password , `user`.`name`, `user`.type FROM `user` WHERE `name` = ? AND `password` = ? 
2020-04-03 10:29:24,816 DEBUG (BaseJdbcLogger.java:143)- ==> Parameters: wuxiao(String), 4297f44b13955235245b2497399d7a93(String)
2020-04-03 10:29:24,818 DEBUG (BaseJdbcLogger.java:143)- <==      Total: 1
2020-04-03 10:48:50,029 INFO (StartupInfoLogger.java:55)- Starting ClassroomApplication on DESKTOP-LCULKOV with PID 15212 (D:\中慧科技\腾讯课堂项目\demo\ClassRoom\target\classes started by ThinkPad in D:\中慧科技\腾讯课堂项目\demo\ClassRoom)
2020-04-03 10:48:50,032 DEBUG (StartupInfoLogger.java:56)- Running with Spring Boot v2.2.6.RELEASE, Spring v5.2.5.RELEASE
2020-04-03 10:48:50,033 INFO (SpringApplication.java:651)- No active profile set, falling back to default profiles: default
2020-04-03 10:48:51,717 INFO (StartupInfoLogger.java:61)- Started ClassroomApplication in 2.217 seconds (JVM running for 3.214)
2020-04-03 10:49:10,182 DEBUG (BaseJdbcLogger.java:143)- ==>  Preparing: insert into user ( tonken_num, im_password, `name`, `password`, create_time, `type` ) values ( ?, ?, ?, ?, ?, ? ) 
2020-04-03 10:49:10,199 DEBUG (BaseJdbcLogger.java:143)- ==> Parameters: 84e984cc66664eee95446be8baed9fbd(String), eJw1jl0LgjAYRv-LrkP2bhOn0E1YdGFQGEGX2rZ48aOxTRGi-55oXT7ncOB5k2tRRnqy6DTJmICUUbpZ4KgdyQiLKFm3V01lLSqSgaCUc8EZXw0q3Qc0uASV6rBHH1wVXu6f4nM2ww2aYQ8P5e5dYvNxNG1SmtPhWIvpUu*gtcqf80JC4be-MGA334JYxlIyEOnnCxuJNQg_(String), wuxiao(String), 4297f44b13955235245b2497399d7a93(String), 2020-04-03 10:49:10.001(Timestamp), 1(Integer)
2020-04-03 10:49:10,206 DEBUG (BaseJdbcLogger.java:143)- <==    Updates: 1
2020-04-03 10:52:31,414 INFO (StartupInfoLogger.java:55)- Starting ClassroomApplication on DESKTOP-LCULKOV with PID 14912 (D:\中慧科技\腾讯课堂项目\demo\ClassRoom\target\classes started by ThinkPad in D:\中慧科技\腾讯课堂项目\demo\ClassRoom)
2020-04-03 10:52:31,417 DEBUG (StartupInfoLogger.java:56)- Running with Spring Boot v2.2.6.RELEASE, Spring v5.2.5.RELEASE
2020-04-03 10:52:31,417 INFO (SpringApplication.java:651)- No active profile set, falling back to default profiles: default
2020-04-03 10:52:33,067 INFO (StartupInfoLogger.java:61)- Started ClassroomApplication in 2.24 seconds (JVM running for 3.318)
2020-04-03 10:52:46,683 DEBUG (BaseJdbcLogger.java:143)- ==>  Preparing: insert into user ( tonken_num, im_password, `name`, `password`, create_time, `type` ) values ( ?, ?, ?, ?, ?, ? ) 
2020-04-03 10:52:46,699 DEBUG (BaseJdbcLogger.java:143)- ==> Parameters: 9b273f086fcc427bb3d6af7bfa9c7ebd(String), eJw1jt0KgjAAhd9l12Fzm9sUugkREkMhYXTp-mQsRUwsit490bo8P9-hvEFdXALzHNxoQIJIGCMId6s5mxEkAAUQbPqufTMMToMkJBBiTDDCW*K06Sdn3QrEEjFsIadWKYKYlFjTxjJpm1gxI-V-zbVL*fhCPhP5-lS0Pi2FeKS18mQ*34zMfHVVuSjVzLu*rNThB06uW56GEY84R5jSzxeKszlH(String), wuxiao(String), 4297f44b13955235245b2497399d7a93(String), 2020-04-03 10:52:46.478(Timestamp), 1(Integer)
2020-04-03 10:52:46,702 DEBUG (BaseJdbcLogger.java:143)- <==    Updates: 1
2020-04-03 10:58:41,217 INFO (StartupInfoLogger.java:55)- Starting ClassroomApplication on DESKTOP-LCULKOV with PID 15592 (D:\中慧科技\腾讯课堂项目\demo\ClassRoom\target\classes started by ThinkPad in D:\中慧科技\腾讯课堂项目\demo\ClassRoom)
2020-04-03 10:58:41,220 DEBUG (StartupInfoLogger.java:56)- Running with Spring Boot v2.2.6.RELEASE, Spring v5.2.5.RELEASE
2020-04-03 10:58:41,221 INFO (SpringApplication.java:651)- No active profile set, falling back to default profiles: default
2020-04-03 10:58:42,855 INFO (StartupInfoLogger.java:61)- Started ClassroomApplication in 2.119 seconds (JVM running for 3.193)
2020-04-03 10:58:52,163 DEBUG (BaseJdbcLogger.java:143)- ==>  Preparing: insert into user ( tonken_num, im_password, `name`, `password`, create_time, `type` ) values ( ?, ?, ?, ?, ?, ? ) 
2020-04-03 10:58:52,179 DEBUG (BaseJdbcLogger.java:143)- ==> Parameters: a94118cd71024c6d994906dadb0fdcb2(String), eJw1jl0LgjAYRv-LbgvbhysdeGURZFSUN10ONuvVNDfXKKL-nmhdPudw4HmjfHsK9LMFq5GgIYkpxtMBem2RQDTAaNydqmTbgkKChBgzFjLKRgNKNw4KGAKpamigc1a6u-2ncOnNOVsdXpt9aeYzb-Iizq6TRwk8h9RIzdZLXwE-khtJdzj5hQ7q-hbhEY8iumDk8wX-VTRm(String), wuxiao(String), 4297f44b13955235245b2497399d7a93(String), 2020-04-03 10:58:51.984(Timestamp), 1(Integer)
2020-04-03 10:58:52,187 DEBUG (BaseJdbcLogger.java:143)- <==    Updates: 1
2020-04-03 11:01:26,501 INFO (StartupInfoLogger.java:55)- Starting ClassroomApplication on DESKTOP-LCULKOV with PID 20428 (D:\中慧科技\腾讯课堂项目\demo\ClassRoom\target\classes started by ThinkPad in D:\中慧科技\腾讯课堂项目\demo\ClassRoom)
2020-04-03 11:01:26,503 DEBUG (StartupInfoLogger.java:56)- Running with Spring Boot v2.2.6.RELEASE, Spring v5.2.5.RELEASE
2020-04-03 11:01:26,503 INFO (SpringApplication.java:651)- No active profile set, falling back to default profiles: default
2020-04-03 11:01:28,062 INFO (StartupInfoLogger.java:61)- Started ClassroomApplication in 2.053 seconds (JVM running for 3.018)
2020-04-03 11:01:46,794 DEBUG (BaseJdbcLogger.java:143)- ==>  Preparing: insert into user ( tonken_num, im_password, `name`, `password`, create_time, `type` ) values ( ?, ?, ?, ?, ?, ? ) 
2020-04-03 11:01:46,809 DEBUG (BaseJdbcLogger.java:143)- ==> Parameters: 080b65b6b62c47e79bdf2f8d6bfea129(String), eJw1jssOgjAURP*la2NuSyktiSvwGSQqPnBJbUsagyLiIxr-XQVdzkzOyTzRMkq6*l7aSiOfUCwIQKcpr7pCPiJdQG0*q31WllYhH1MAx6EOcdrFKn2orbENABwkcyWTjOyopz0hlSGGKyaNzjARf5vNv-ZpkA7idIhjIdbbWRrGUZ6Eo6K8rS4G9GMyP-WDahxuFsfeD6xt8XmKXe5yTgSw1xstKDf1(String), wuxiao(String), 4297f44b13955235245b2497399d7a93(String), 2020-04-03 11:01:46.617(Timestamp), 1(Integer)
2020-04-03 11:01:46,814 DEBUG (BaseJdbcLogger.java:143)- <==    Updates: 1
2020-04-03 11:20:02,521 INFO (StartupInfoLogger.java:55)- Starting ClassroomApplication on DESKTOP-LCULKOV with PID 13360 (D:\中慧科技\腾讯课堂项目\demo\ClassRoom\target\classes started by ThinkPad in D:\中慧科技\腾讯课堂项目\demo\ClassRoom)
2020-04-03 11:20:02,524 DEBUG (StartupInfoLogger.java:56)- Running with Spring Boot v2.2.6.RELEASE, Spring v5.2.5.RELEASE
2020-04-03 11:20:02,525 INFO (SpringApplication.java:651)- No active profile set, falling back to default profiles: default
2020-04-03 11:20:04,149 INFO (StartupInfoLogger.java:61)- Started ClassroomApplication in 2.105 seconds (JVM running for 3.137)
2020-04-03 11:20:11,592 INFO (StartupInfoLogger.java:55)- Starting ClassroomApplication on DESKTOP-LCULKOV with PID 3484 (D:\中慧科技\腾讯课堂项目\demo\ClassRoom\target\classes started by ThinkPad in D:\中慧科技\腾讯课堂项目\demo\ClassRoom)
2020-04-03 11:20:11,595 DEBUG (StartupInfoLogger.java:56)- Running with Spring Boot v2.2.6.RELEASE, Spring v5.2.5.RELEASE
2020-04-03 11:20:11,595 INFO (SpringApplication.java:651)- No active profile set, falling back to default profiles: default
2020-04-03 11:20:13,271 INFO (StartupInfoLogger.java:61)- Started ClassroomApplication in 2.134 seconds (JVM running for 3.108)
2020-04-03 11:20:25,248 DEBUG (BaseJdbcLogger.java:143)- ==>  Preparing: insert into user ( tonken_num, im_password, `name`, `password`, create_time, `type` ) values ( ?, ?, ?, ?, ?, ? ) 
2020-04-03 11:20:25,263 DEBUG (BaseJdbcLogger.java:143)- ==> Parameters: 3a555bbec3d647e899d48863575d0497(String), eJw1js0KgkAURt9ltoXc*RFGoUXRoiBC0B7AmpveamwYxyGI3j3RWn7ncOB7s*pQJvhy5JHlQvFMACwnGNGznIkE2Lx7c6*dI8NyrgCkVFLI2ZDBLtCVpqA2ljrqg6-D0-9TakZzirG9eVwX9oywXwxbf3lkWlbtrhyOWLiwkR2KoW24Wv3CQHa8xVOdaq1AqM8XIUY1FQ__(String), 超级管理员(String), 4297f44b13955235245b2497399d7a93(String), 2020-04-03 11:20:25.073(Timestamp), 1(Integer)
2020-04-03 11:20:25,267 DEBUG (BaseJdbcLogger.java:143)- <==    Updates: 1
2020-04-03 11:39:36,852 INFO (StartupInfoLogger.java:55)- Starting ClassroomApplication on DESKTOP-LCULKOV with PID 20176 (D:\中慧科技\腾讯课堂项目\demo\ClassRoom\target\classes started by ThinkPad in D:\中慧科技\腾讯课堂项目\demo\ClassRoom)
2020-04-03 11:39:36,855 DEBUG (StartupInfoLogger.java:56)- Running with Spring Boot v2.2.6.RELEASE, Spring v5.2.5.RELEASE
2020-04-03 11:39:36,856 INFO (SpringApplication.java:651)- No active profile set, falling back to default profiles: default
2020-04-03 11:39:38,595 INFO (StartupInfoLogger.java:61)- Started ClassroomApplication in 2.34 seconds (JVM running for 3.457)
2020-04-03 11:40:12,006 INFO (StartupInfoLogger.java:55)- Starting ClassroomApplication on DESKTOP-LCULKOV with PID 1204 (D:\中慧科技\腾讯课堂项目\demo\ClassRoom\target\classes started by ThinkPad in D:\中慧科技\腾讯课堂项目\demo\ClassRoom)
2020-04-03 11:40:12,009 DEBUG (StartupInfoLogger.java:56)- Running with Spring Boot v2.2.6.RELEASE, Spring v5.2.5.RELEASE
2020-04-03 11:40:12,009 INFO (SpringApplication.java:651)- No active profile set, falling back to default profiles: default
2020-04-03 11:40:14,028 INFO (StartupInfoLogger.java:61)- Started ClassroomApplication in 2.588 seconds (JVM running for 3.776)
2020-04-03 11:42:31,385 DEBUG (BaseJdbcLogger.java:143)- ==>  Preparing: SELECT `user`.tonken_num, `user`.im_password , `user`.`name`, `user`.type FROM `user` WHERE `name` = ? AND `password` = ? 
2020-04-03 11:42:31,399 DEBUG (BaseJdbcLogger.java:143)- ==> Parameters: wuxiao(String), 4297f44b13955235245b2497399d7a93(String)
2020-04-03 11:42:31,410 DEBUG (BaseJdbcLogger.java:143)- <==      Total: 0
2020-04-03 11:42:44,554 DEBUG (BaseJdbcLogger.java:143)- ==>  Preparing: SELECT `user`.tonken_num, `user`.im_password , `user`.`name`, `user`.type FROM `user` WHERE `name` = ? AND `password` = ? 
2020-04-03 11:42:44,556 DEBUG (BaseJdbcLogger.java:143)- ==> Parameters: wuxiao(String), 4297f44b13955235245b2497399d7a93(String)
2020-04-03 11:42:44,558 DEBUG (BaseJdbcLogger.java:143)- <==      Total: 0
2020-04-03 13:41:24,813 INFO (StartupInfoLogger.java:55)- Starting ClassroomApplication on DESKTOP-LCULKOV with PID 15724 (D:\中慧科技\腾讯课堂项目\demo\ClassRoom\target\classes started by ThinkPad in D:\中慧科技\腾讯课堂项目\demo\ClassRoom)
2020-04-03 13:41:24,836 DEBUG (StartupInfoLogger.java:56)- Running with Spring Boot v2.2.6.RELEASE, Spring v5.2.5.RELEASE
2020-04-03 13:41:24,837 INFO (SpringApplication.java:651)- No active profile set, falling back to default profiles: default
2020-04-03 13:41:26,930 INFO (StartupInfoLogger.java:61)- Started ClassroomApplication in 2.588 seconds (JVM running for 4.636)
2020-04-03 13:44:35,809 INFO (StartupInfoLogger.java:55)- Starting ClassroomApplication on DESKTOP-LCULKOV with PID 5436 (D:\中慧科技\腾讯课堂项目\demo\ClassRoom\target\classes started by ThinkPad in D:\中慧科技\腾讯课堂项目\demo\ClassRoom)
2020-04-03 13:44:35,813 DEBUG (StartupInfoLogger.java:56)- Running with Spring Boot v2.2.6.RELEASE, Spring v5.2.5.RELEASE
2020-04-03 13:44:35,814 INFO (SpringApplication.java:651)- No active profile set, falling back to default profiles: default
2020-04-03 13:44:37,419 INFO (StartupInfoLogger.java:61)- Started ClassroomApplication in 2.135 seconds (JVM running for 3.176)
2020-04-03 14:19:51,221 INFO (StartupInfoLogger.java:55)- Starting ClassroomApplication on DESKTOP-LCULKOV with PID 16228 (D:\中慧科技\腾讯课堂项目\demo\ClassRoom\target\classes started by ThinkPad in D:\中慧科技\腾讯课堂项目\demo\ClassRoom)
2020-04-03 14:19:51,227 DEBUG (StartupInfoLogger.java:56)- Running with Spring Boot v2.2.6.RELEASE, Spring v5.2.5.RELEASE
2020-04-03 14:19:51,228 INFO (SpringApplication.java:651)- No active profile set, falling back to default profiles: default
2020-04-03 14:19:53,339 INFO (StartupInfoLogger.java:61)- Started ClassroomApplication in 2.647 seconds (JVM running for 3.89)
2020-04-03 14:20:42,102 INFO (StartupInfoLogger.java:55)- Starting ClassroomApplication on DESKTOP-LCULKOV with PID 13048 (D:\中慧科技\腾讯课堂项目\demo\ClassRoom\target\classes started by ThinkPad in D:\中慧科技\腾讯课堂项目\demo\ClassRoom)
2020-04-03 14:20:42,105 DEBUG (StartupInfoLogger.java:56)- Running with Spring Boot v2.2.6.RELEASE, Spring v5.2.5.RELEASE
2020-04-03 14:20:42,106 INFO (SpringApplication.java:651)- No active profile set, falling back to default profiles: default
2020-04-03 14:20:43,798 INFO (StartupInfoLogger.java:61)- Started ClassroomApplication in 2.216 seconds (JVM running for 3.187)
2020-04-03 14:20:51,000 DEBUG (BaseJdbcLogger.java:143)- ==>  Preparing: SELECT COUNT( cpm.id ) AS `online`, class_room.id, class_room.`name`, class_room.description, class_room.peoples, class_room.`password`, class_room.create_time, class_room.stauts FROM class_room LEFT JOIN class_people_middle AS cpm ON cpm.class_id = class_room.id GROUP BY cpm.class_id 
2020-04-03 14:20:51,014 DEBUG (BaseJdbcLogger.java:143)- ==> Parameters: 
2020-04-03 14:20:51,028 DEBUG (BaseJdbcLogger.java:143)- <==      Total: 5
2020-04-03 14:21:16,529 DEBUG (BaseJdbcLogger.java:143)- ==>  Preparing: SELECT COUNT( cpm.id ) AS `online`, class_room.id, class_room.`name`, class_room.description, class_room.peoples, class_room.`password`, class_room.create_time, class_room.stauts FROM class_room LEFT JOIN class_people_middle AS cpm ON cpm.class_id = class_room.id GROUP BY cpm.class_id 
2020-04-03 14:21:16,532 DEBUG (BaseJdbcLogger.java:143)- ==> Parameters: 
2020-04-03 14:21:16,535 DEBUG (BaseJdbcLogger.java:143)- <==      Total: 5
2020-04-03 14:54:44,016 INFO (StartupInfoLogger.java:55)- Starting ClassroomApplication on DESKTOP-LCULKOV with PID 2868 (D:\中慧科技\腾讯课堂项目\demo\ClassRoom\target\classes started by ThinkPad in D:\中慧科技\腾讯课堂项目\demo\ClassRoom)
2020-04-03 14:54:44,020 DEBUG (StartupInfoLogger.java:56)- Running with Spring Boot v2.2.6.RELEASE, Spring v5.2.5.RELEASE
2020-04-03 14:54:44,020 INFO (SpringApplication.java:651)- No active profile set, falling back to default profiles: default
2020-04-03 14:54:46,055 INFO (StartupInfoLogger.java:61)- Started ClassroomApplication in 2.56 seconds (JVM running for 3.63)
2020-04-03 16:04:39,279 INFO (StartupInfoLogger.java:55)- Starting ClassroomApplication on DESKTOP-LCULKOV with PID 13868 (D:\中慧科技\腾讯课堂项目\demo\ClassRoom\target\classes started by ThinkPad in D:\中慧科技\腾讯课堂项目\demo\ClassRoom)
2020-04-03 16:04:39,282 DEBUG (StartupInfoLogger.java:56)- Running with Spring Boot v2.2.6.RELEASE, Spring v5.2.5.RELEASE
2020-04-03 16:04:39,282 INFO (SpringApplication.java:651)- No active profile set, falling back to default profiles: default
2020-04-03 16:04:41,370 INFO (StartupInfoLogger.java:61)- Started ClassroomApplication in 2.588 seconds (JVM running for 3.84)
2020-04-03 16:06:20,932 INFO (StartupInfoLogger.java:55)- Starting ClassroomApplication on DESKTOP-LCULKOV with PID 9844 (D:\中慧科技\腾讯课堂项目\demo\ClassRoom\target\classes started by ThinkPad in D:\中慧科技\腾讯课堂项目\demo\ClassRoom)
2020-04-03 16:06:20,936 DEBUG (StartupInfoLogger.java:56)- Running with Spring Boot v2.2.6.RELEASE, Spring v5.2.5.RELEASE
2020-04-03 16:06:20,936 INFO (SpringApplication.java:651)- No active profile set, falling back to default profiles: default
2020-04-03 16:06:22,734 INFO (StartupInfoLogger.java:61)- Started ClassroomApplication in 2.28 seconds (JVM running for 3.26)
2020-04-03 16:08:23,988 INFO (StartupInfoLogger.java:55)- Starting ClassroomApplication on DESKTOP-LCULKOV with PID 18760 (D:\中慧科技\腾讯课堂项目\demo\ClassRoom\target\classes started by ThinkPad in D:\中慧科技\腾讯课堂项目\demo\ClassRoom)
2020-04-03 16:08:23,991 DEBUG (StartupInfoLogger.java:56)- Running with Spring Boot v2.2.6.RELEASE, Spring v5.2.5.RELEASE
2020-04-03 16:08:23,992 INFO (SpringApplication.java:651)- No active profile set, falling back to default profiles: default
2020-04-03 16:08:25,696 INFO (StartupInfoLogger.java:61)- Started ClassroomApplication in 2.194 seconds (JVM running for 3.167)
2020-04-03 16:12:56,779 INFO (StartupInfoLogger.java:55)- Starting ClassroomApplication on DESKTOP-LCULKOV with PID 5372 (D:\中慧科技\腾讯课堂项目\demo\ClassRoom\target\classes started by ThinkPad in D:\中慧科技\腾讯课堂项目\demo\ClassRoom)
2020-04-03 16:12:56,781 DEBUG (StartupInfoLogger.java:56)- Running with Spring Boot v2.2.6.RELEASE, Spring v5.2.5.RELEASE
2020-04-03 16:12:56,782 INFO (SpringApplication.java:651)- No active profile set, falling back to default profiles: default
2020-04-03 16:12:58,861 INFO (StartupInfoLogger.java:61)- Started ClassroomApplication in 2.668 seconds (JVM running for 3.845)
2020-04-03 16:16:47,129 DEBUG (BaseJdbcLogger.java:143)- ==>  Preparing: insert into user ( tonken_num, im_password, `name`, `password`, create_time, `type` ) values ( ?, ?, ?, ?, ?, ? ) 
2020-04-03 16:16:47,144 DEBUG (BaseJdbcLogger.java:143)- ==> Parameters: b3aff3d3018943c5a4772bf88132ad1f(String), eJw1jkELgjAYhv-LziHfNg0VOgjWISoPiYi34bb4Km3OYUb03xOt4-s8PPC*SX44e2o0aBWJmU8jBrCa4aAsiQnzgCy7lzdhDEoSUx*Ac58zvhiUqnWocQ6EbLDF3lnhHvaf4mUy12F4BVWmw-qUV6WmSddVRSl223p-T3SW1m4sbGHN8dlvfqHDZrpFgzCIgIaw-nwBNLw11Q__(String), 超级管理员(String), 4297f44b13955235245b2497399d7a93(String), 2020-04-03 16:16:46.885(Timestamp), 1(Integer)
2020-04-03 16:16:47,168 DEBUG (BaseJdbcLogger.java:143)- <==    Updates: 1
2020-04-03 16:20:49,680 DEBUG (BaseJdbcLogger.java:143)- ==>  Preparing: SELECT COUNT( cpm.id ) AS `online`, class_room.id, class_room.`name`, class_room.description, class_room.peoples, class_room.`password`, class_room.create_time, class_room.stauts FROM class_room LEFT JOIN class_people_middle AS cpm ON cpm.class_id = class_room.id GROUP BY cpm.class_id 
2020-04-03 16:20:49,680 DEBUG (BaseJdbcLogger.java:143)- ==> Parameters: 
2020-04-03 16:20:49,708 DEBUG (BaseJdbcLogger.java:143)- <==      Total: 5
2020-04-03 16:28:02,748 DEBUG (BaseJdbcLogger.java:143)- ==>  Preparing: insert into class_room ( `name`, description, peoples, `password`, create_time ) values ( ?, ?, ?, ?, ? ) 
2020-04-03 16:28:02,748 DEBUG (BaseJdbcLogger.java:143)- ==> Parameters: 超级管理员(String), 1(String), 8(String), 4297f44b13955235245b2497399d7a93(String), 2020-04-03 16:28:02.746(Timestamp)
2020-04-03 16:28:02,753 DEBUG (BaseJdbcLogger.java:143)- <==    Updates: 1
2020-04-03 17:20:43,885 INFO (StartupInfoLogger.java:55)- Starting ClassroomApplication on DESKTOP-LCULKOV with PID 3800 (D:\中慧科技\腾讯课堂项目\demo\ClassRoom\target\classes started by ThinkPad in D:\中慧科技\腾讯课堂项目\demo\ClassRoom)
2020-04-03 17:20:43,888 DEBUG (StartupInfoLogger.java:56)- Running with Spring Boot v2.2.6.RELEASE, Spring v5.2.5.RELEASE
2020-04-03 17:20:43,889 INFO (SpringApplication.java:651)- No active profile set, falling back to default profiles: default
2020-04-03 17:20:46,016 INFO (StartupInfoLogger.java:61)- Started ClassroomApplication in 2.598 seconds (JVM running for 4.888)
2020-04-03 17:22:29,389 DEBUG (BaseJdbcLogger.java:143)- ==>  Preparing: insert into user ( `name`, `password`, create_time, `type` ) values ( ?, ?, ?, ? ) 
2020-04-03 17:22:29,403 DEBUG (BaseJdbcLogger.java:143)- ==> Parameters: 王小明(String), 4297f44b13955235245b2497399d7a93(String), 2020-04-03 17:22:29.177(Timestamp), 0(Integer)
2020-04-03 17:22:29,412 DEBUG (BaseJdbcLogger.java:143)- <==    Updates: 1
2020-04-03 17:23:49,830 INFO (StartupInfoLogger.java:55)- Starting ClassroomApplication on DESKTOP-LCULKOV with PID 2124 (D:\中慧科技\腾讯课堂项目\demo\ClassRoom\target\classes started by ThinkPad in D:\中慧科技\腾讯课堂项目\demo\ClassRoom)
2020-04-03 17:23:49,834 DEBUG (StartupInfoLogger.java:56)- Running with Spring Boot v2.2.6.RELEASE, Spring v5.2.5.RELEASE
2020-04-03 17:23:49,834 INFO (SpringApplication.java:651)- No active profile set, falling back to default profiles: default
2020-04-03 17:23:51,448 INFO (StartupInfoLogger.java:61)- Started ClassroomApplication in 2.109 seconds (JVM running for 3.193)
2020-04-03 17:23:55,220 DEBUG (BaseJdbcLogger.java:143)- ==>  Preparing: insert into user ( `name`, `password`, create_time, `type` ) values ( ?, ?, ?, ? ) 
2020-04-03 17:23:55,233 DEBUG (BaseJdbcLogger.java:143)- ==> Parameters: 王小明(String), 4297f44b13955235245b2497399d7a93(String), 2020-04-03 17:23:55.027(Timestamp), 0(Integer)
2020-04-03 17:23:55,237 DEBUG (BaseJdbcLogger.java:143)- <==    Updates: 1
2020-04-03 17:27:21,209 INFO (StartupInfoLogger.java:55)- Starting ClassroomApplication on DESKTOP-LCULKOV with PID 19652 (D:\中慧科技\腾讯课堂项目\demo\ClassRoom\target\classes started by ThinkPad in D:\中慧科技\腾讯课堂项目\demo\ClassRoom)
2020-04-03 17:27:21,213 DEBUG (StartupInfoLogger.java:56)- Running with Spring Boot v2.2.6.RELEASE, Spring v5.2.5.RELEASE
2020-04-03 17:27:21,213 INFO (SpringApplication.java:651)- No active profile set, falling back to default profiles: default
2020-04-03 17:27:22,890 INFO (StartupInfoLogger.java:61)- Started ClassroomApplication in 2.151 seconds (JVM running for 3.165)
2020-04-03 17:27:25,642 DEBUG (BaseJdbcLogger.java:143)- ==>  Preparing: SELECT `user`.tonken_num, `user`.im_password , `user`.`name`, `user`.type FROM `user` WHERE `name` = ? AND `password` = ? 
2020-04-03 17:27:25,655 DEBUG (BaseJdbcLogger.java:143)- ==> Parameters: 王小明(String), 4297f44b13955235245b2497399d7a93(String)
2020-04-03 17:28:24,542 INFO (StartupInfoLogger.java:55)- Starting ClassroomApplication on DESKTOP-LCULKOV with PID 12524 (D:\中慧科技\腾讯课堂项目\demo\ClassRoom\target\classes started by ThinkPad in D:\中慧科技\腾讯课堂项目\demo\ClassRoom)
2020-04-03 17:28:24,547 DEBUG (StartupInfoLogger.java:56)- Running with Spring Boot v2.2.6.RELEASE, Spring v5.2.5.RELEASE
2020-04-03 17:28:24,548 INFO (SpringApplication.java:651)- No active profile set, falling back to default profiles: default
2020-04-03 17:28:26,330 INFO (StartupInfoLogger.java:61)- Started ClassroomApplication in 2.336 seconds (JVM running for 3.397)
2020-04-03 17:28:29,330 DEBUG (BaseJdbcLogger.java:143)- ==>  Preparing: SELECT * FROM `user` WHERE `name` = ? AND `password` = ? 
2020-04-03 17:28:29,344 DEBUG (BaseJdbcLogger.java:143)- ==> Parameters: 王小明(String), 4297f44b13955235245b2497399d7a93(String)
2020-04-03 17:28:29,356 DEBUG (BaseJdbcLogger.java:143)- <==      Total: 1
2020-04-03 17:32:53,854 INFO (StartupInfoLogger.java:55)- Starting ClassroomApplicationTests on DESKTOP-LCULKOV with PID 3620 (started by ThinkPad in D:\中慧科技\腾讯课堂项目\demo\ClassRoom)
2020-04-03 17:32:53,855 DEBUG (StartupInfoLogger.java:56)- Running with Spring Boot v2.2.6.RELEASE, Spring v5.2.5.RELEASE
2020-04-03 17:32:53,856 INFO (SpringApplication.java:651)- No active profile set, falling back to default profiles: default
2020-04-03 17:32:56,158 INFO (StartupInfoLogger.java:61)- Started ClassroomApplicationTests in 2.61 seconds (JVM running for 3.75)
2020-04-03 17:48:49,681 INFO (StartupInfoLogger.java:55)- Starting ClassroomApplication on DESKTOP-LCULKOV with PID 8816 (D:\中慧科技\腾讯课堂项目\demo\ClassRoom\target\classes started by ThinkPad in D:\中慧科技\腾讯课堂项目\demo\ClassRoom)
2020-04-03 17:48:49,685 DEBUG (StartupInfoLogger.java:56)- Running with Spring Boot v2.2.6.RELEASE, Spring v5.2.5.RELEASE
2020-04-03 17:48:49,685 INFO (SpringApplication.java:651)- No active profile set, falling back to default profiles: default
2020-04-03 17:48:51,432 INFO (StartupInfoLogger.java:61)- Started ClassroomApplication in 2.258 seconds (JVM running for 3.232)
2020-04-03 17:50:54,840 INFO (StartupInfoLogger.java:55)- Starting ClassroomApplication on DESKTOP-LCULKOV with PID 13988 (D:\中慧科技\腾讯课堂项目\demo\ClassRoom\target\classes started by ThinkPad in D:\中慧科技\腾讯课堂项目\demo\ClassRoom)
2020-04-03 17:50:54,843 DEBUG (StartupInfoLogger.java:56)- Running with Spring Boot v2.2.6.RELEASE, Spring v5.2.5.RELEASE
2020-04-03 17:50:54,844 INFO (SpringApplication.java:651)- No active profile set, falling back to default profiles: default
2020-04-03 17:50:56,572 INFO (StartupInfoLogger.java:61)- Started ClassroomApplication in 2.213 seconds (JVM running for 3.292)
2020-04-03 17:51:07,924 DEBUG (BaseJdbcLogger.java:143)- ==>  Preparing: insert into class_room ( `name`, description, peoples, `password`, create_time, user_id ) values ( ?, ?, ?, ?, ?, ? ) 
2020-04-03 17:51:07,939 DEBUG (BaseJdbcLogger.java:143)- ==> Parameters: 王小明(String), 123123123213213(String), 5(String), 4297f44b13955235245b2497399d7a93(String), 2020-04-03 17:51:07.74(Timestamp), 1(Integer)
2020-04-03 17:51:07,945 DEBUG (BaseJdbcLogger.java:143)- <==    Updates: 1
2020-04-03 17:55:28,324 INFO (StartupInfoLogger.java:55)- Starting ClassroomApplication on DESKTOP-LCULKOV with PID 1360 (D:\中慧科技\腾讯课堂项目\demo\ClassRoom\target\classes started by ThinkPad in D:\中慧科技\腾讯课堂项目\demo\ClassRoom)
2020-04-03 17:55:28,327 DEBUG (StartupInfoLogger.java:56)- Running with Spring Boot v2.2.6.RELEASE, Spring v5.2.5.RELEASE
2020-04-03 17:55:28,328 INFO (SpringApplication.java:651)- No active profile set, falling back to default profiles: default
2020-04-03 17:55:30,245 INFO (StartupInfoLogger.java:61)- Started ClassroomApplication in 2.482 seconds (JVM running for 3.685)
2020-04-03 17:55:54,378 DEBUG (BaseJdbcLogger.java:143)- ==>  Preparing: SELECT COUNT( cpm.id ) AS `online`, class_room.id, class_room.`name`, class_room.description, class_room.peoples, class_room.`password`, class_room.create_time, class_room.stauts, `user`.id AS user_id, `user`.`name` AS user_name FROM class_room LEFT JOIN class_people_middle AS cpm ON cpm.class_id = class_room.id LEFT JOIN `user` ON `user`.id = class_room.user_id GROUP BY cpm.class_id 
2020-04-03 17:55:54,391 DEBUG (BaseJdbcLogger.java:143)- ==> Parameters: 
2020-04-03 17:55:54,406 DEBUG (BaseJdbcLogger.java:143)- <==      Total: 6
2020-04-03 17:56:50,039 INFO (StartupInfoLogger.java:55)- Starting ClassroomApplicationTests on DESKTOP-LCULKOV with PID 17516 (started by ThinkPad in D:\中慧科技\腾讯课堂项目\demo\ClassRoom)
2020-04-03 17:56:50,040 DEBUG (StartupInfoLogger.java:56)- Running with Spring Boot v2.2.6.RELEASE, Spring v5.2.5.RELEASE
2020-04-03 17:56:50,041 INFO (SpringApplication.java:651)- No active profile set, falling back to default profiles: default
2020-04-03 17:56:52,300 INFO (StartupInfoLogger.java:61)- Started ClassroomApplicationTests in 2.574 seconds (JVM running for 3.546)
2020-04-03 17:57:12,340 INFO (StartupInfoLogger.java:55)- Starting ClassroomApplicationTests on DESKTOP-LCULKOV with PID 3648 (started by ThinkPad in D:\中慧科技\腾讯课堂项目\demo\ClassRoom)
2020-04-03 17:57:12,341 DEBUG (StartupInfoLogger.java:56)- Running with Spring Boot v2.2.6.RELEASE, Spring v5.2.5.RELEASE
2020-04-03 17:57:12,343 INFO (SpringApplication.java:651)- No active profile set, falling back to default profiles: default
2020-04-03 17:57:15,185 INFO (StartupInfoLogger.java:61)- Started ClassroomApplicationTests in 3.231 seconds (JVM running for 4.402)
